ERROR - 2025-05-01 15:06:42 --> mysqli_sql_exception: Table 'clinic.rekam_medis' doesn't exist in C:\xampp\htdocs\clinic\system\Database\MySQLi\Connection.php:306
Stack trace:
#0 C:\xampp\htdocs\clinic\system\Database\MySQLi\Connection.php(306): mysqli->query('SELECT `rekam_m...', 0)
#1 C:\xampp\htdocs\clinic\system\Database\BaseConnection.php(693): CodeIgniter\Database\MySQLi\Connection->execute('SELECT `rekam_m...')
#2 C:\xampp\htdocs\clinic\system\Database\BaseConnection.php(607): CodeIgniter\Database\BaseConnection->simpleQuery('SELECT `rekam_m...')
#3 C:\xampp\htdocs\clinic\system\Database\BaseBuilder.php(1615): CodeIgniter\Database\BaseConnection->query('SELECT `rekam_m...', Array, false)
#4 C:\xampp\htdocs\clinic\system\Model.php(237): CodeIgniter\Database\BaseBuilder->get()
#5 C:\xampp\htdocs\clinic\system\BaseModel.php(624): CodeIgniter\Model->doFindAll(0, 0)
#6 C:\xampp\htdocs\clinic\app\Controllers\LaporanController.php(39): CodeIgniter\BaseModel->findAll()
#7 C:\xampp\htdocs\clinic\system\CodeIgniter.php(942): App\Controllers\LaporanController->index()
#8 C:\xampp\htdocs\clinic\system\CodeIgniter.php(502): CodeIgniter\CodeIgniter->runController(Object(App\Controllers\LaporanController))
#9 C:\xampp\htdocs\clinic\system\CodeIgniter.php(361): CodeIgniter\CodeIgniter->handleRequest(NULL, Object(Config\Cache), false)
#10 C:\xampp\htdocs\clinic\public\index.php(79): CodeIgniter\CodeIgniter->run()
#11 {main}
CRITICAL - 2025-05-01 15:06:42 --> Table 'clinic.rekam_medis' doesn't exist
in SYSTEMPATH\Database\BaseConnection.php on line 647.
 1 SYSTEMPATH\Database\BaseBuilder.php(1615): CodeIgniter\Database\BaseConnection->query('SELECT `rekam_medis`.*, `pasien`.`nama` AS `nama_pasien`, `pasien`.`nik`, `tb_dokter`.`nama` AS `nama_dokter`, `antrian`.`tarif`
FROM `rekam_medis`
LEFT JOIN `pasien` ON `rekam_medis`.`pasien_id` = `pasien`.`id`
LEFT JOIN `tb_dokter` ON `rekam_medis`.`dokter_id` = `tb_dokter`.`id`
LEFT JOIN `antrian` ON `pasien`.`nik` = `antrian`.`nik`', [], false)
 2 SYSTEMPATH\Model.php(237): CodeIgniter\Database\BaseBuilder->get()
 3 SYSTEMPATH\BaseModel.php(624): CodeIgniter\Model->doFindAll(0, 0)
 4 APPPATH\Controllers\LaporanController.php(39): CodeIgniter\BaseModel->findAll()
 5 SYSTEMPATH\CodeIgniter.php(942): App\Controllers\LaporanController->index()
 6 SYSTEMPATH\CodeIgniter.php(502): CodeIgniter\CodeIgniter->runController(Object(App\Controllers\LaporanController))
 7 SYSTEMPATH\CodeIgniter.php(361): CodeIgniter\CodeIgniter->handleRequest(null, Object(Config\Cache), false)
 8 FCPATH\index.php(79): CodeIgniter\CodeIgniter->run()
ERROR - 2025-05-01 16:37:30 --> mysqli_sql_exception: Incorrect table definition; there can be only one auto column and it must be defined as a key in C:\xampp\htdocs\clinic\system\Database\MySQLi\Connection.php:306
Stack trace:
#0 C:\xampp\htdocs\clinic\system\Database\MySQLi\Connection.php(306): mysqli->query('CREATE TABLE `p...', 0)
#1 C:\xampp\htdocs\clinic\system\Database\BaseConnection.php(693): CodeIgniter\Database\MySQLi\Connection->execute('CREATE TABLE `p...')
#2 C:\xampp\htdocs\clinic\system\Database\BaseConnection.php(607): CodeIgniter\Database\BaseConnection->simpleQuery('CREATE TABLE `p...')
#3 C:\xampp\htdocs\clinic\system\Database\Forge.php(546): CodeIgniter\Database\BaseConnection->query('CREATE TABLE `p...')
#4 C:\xampp\htdocs\clinic\app\Database\Migrations\2025-01-13-060818_pasien.php(77): CodeIgniter\Database\Forge->createTable('pasien')
#5 C:\xampp\htdocs\clinic\system\Database\MigrationRunner.php(873): App\Database\Migrations\Pasien->up()
#6 C:\xampp\htdocs\clinic\system\Database\MigrationRunner.php(188): CodeIgniter\Database\MigrationRunner->migrate('up', Object(stdClass))
#7 C:\xampp\htdocs\clinic\system\Commands\Database\Migrate.php(84): CodeIgniter\Database\MigrationRunner->latest(NULL)
#8 C:\xampp\htdocs\clinic\system\CLI\Commands.php(65): CodeIgniter\Commands\Database\Migrate->run(Array)
#9 C:\xampp\htdocs\clinic\system\CLI\BaseCommand.php(115): CodeIgniter\CLI\Commands->run('migrate', Array)
#10 C:\xampp\htdocs\clinic\system\Commands\Database\MigrateRefresh.php(85): CodeIgniter\CLI\BaseCommand->call('migrate', Array)
#11 C:\xampp\htdocs\clinic\system\CLI\Commands.php(65): CodeIgniter\Commands\Database\MigrateRefresh->run(Array)
#12 C:\xampp\htdocs\clinic\system\CLI\Console.php(46): CodeIgniter\CLI\Commands->run('migrate:refresh', Array)
#13 C:\xampp\htdocs\clinic\spark(102): CodeIgniter\CLI\Console->run()
#14 {main}
ERROR - 2025-05-01 16:39:46 --> mysqli_sql_exception: You have an error in your SQL syntax; check the manual that corresponds to your MariaDB server version for the right syntax to use near '1 PRIMARY KEY(`id_pasien`)
) DEFAULT CHARACTER SET = utf8 COLLATE = utf8_gene...' at line 17 in C:\xampp\htdocs\clinic\system\Database\MySQLi\Connection.php:306
Stack trace:
#0 C:\xampp\htdocs\clinic\system\Database\MySQLi\Connection.php(306): mysqli->query('CREATE TABLE `p...', 0)
#1 C:\xampp\htdocs\clinic\system\Database\BaseConnection.php(693): CodeIgniter\Database\MySQLi\Connection->execute('CREATE TABLE `p...')
#2 C:\xampp\htdocs\clinic\system\Database\BaseConnection.php(607): CodeIgniter\Database\BaseConnection->simpleQuery('CREATE TABLE `p...')
#3 C:\xampp\htdocs\clinic\system\Database\Forge.php(546): CodeIgniter\Database\BaseConnection->query('CREATE TABLE `p...')
#4 C:\xampp\htdocs\clinic\app\Database\Migrations\2025-01-13-060818_pasien.php(77): CodeIgniter\Database\Forge->createTable('pasien')
#5 C:\xampp\htdocs\clinic\system\Database\MigrationRunner.php(873): App\Database\Migrations\Pasien->up()
#6 C:\xampp\htdocs\clinic\system\Database\MigrationRunner.php(188): CodeIgniter\Database\MigrationRunner->migrate('up', Object(stdClass))
#7 C:\xampp\htdocs\clinic\system\Commands\Database\Migrate.php(84): CodeIgniter\Database\MigrationRunner->latest(NULL)
#8 C:\xampp\htdocs\clinic\system\CLI\Commands.php(65): CodeIgniter\Commands\Database\Migrate->run(Array)
#9 C:\xampp\htdocs\clinic\system\CLI\BaseCommand.php(115): CodeIgniter\CLI\Commands->run('migrate', Array)
#10 C:\xampp\htdocs\clinic\system\Commands\Database\MigrateRefresh.php(85): CodeIgniter\CLI\BaseCommand->call('migrate', Array)
#11 C:\xampp\htdocs\clinic\system\CLI\Commands.php(65): CodeIgniter\Commands\Database\MigrateRefresh->run(Array)
#12 C:\xampp\htdocs\clinic\system\CLI\Console.php(46): CodeIgniter\CLI\Commands->run('migrate:refresh', Array)
#13 C:\xampp\htdocs\clinic\spark(102): CodeIgniter\CLI\Console->run()
#14 {main}
ERROR - 2025-05-01 16:40:13 --> mysqli_sql_exception: Can't create table `clinic`.`rekam_medis` (errno: 150 "Foreign key constraint is incorrectly formed") in C:\xampp\htdocs\clinic\system\Database\MySQLi\Connection.php:306
Stack trace:
#0 C:\xampp\htdocs\clinic\system\Database\MySQLi\Connection.php(306): mysqli->query('CREATE TABLE `r...', 0)
#1 C:\xampp\htdocs\clinic\system\Database\BaseConnection.php(693): CodeIgniter\Database\MySQLi\Connection->execute('CREATE TABLE `r...')
#2 C:\xampp\htdocs\clinic\system\Database\BaseConnection.php(607): CodeIgniter\Database\BaseConnection->simpleQuery('CREATE TABLE `r...')
#3 C:\xampp\htdocs\clinic\system\Database\Forge.php(546): CodeIgniter\Database\BaseConnection->query('CREATE TABLE `r...')
#4 C:\xampp\htdocs\clinic\app\Database\Migrations\2025-01-14-055823_Rm.php(88): CodeIgniter\Database\Forge->createTable('rekam_medis')
#5 C:\xampp\htdocs\clinic\system\Database\MigrationRunner.php(873): App\Database\Migrations\Rm->up()
#6 C:\xampp\htdocs\clinic\system\Database\MigrationRunner.php(188): CodeIgniter\Database\MigrationRunner->migrate('up', Object(stdClass))
#7 C:\xampp\htdocs\clinic\system\Commands\Database\Migrate.php(84): CodeIgniter\Database\MigrationRunner->latest(NULL)
#8 C:\xampp\htdocs\clinic\system\CLI\Commands.php(65): CodeIgniter\Commands\Database\Migrate->run(Array)
#9 C:\xampp\htdocs\clinic\system\CLI\BaseCommand.php(115): CodeIgniter\CLI\Commands->run('migrate', Array)
#10 C:\xampp\htdocs\clinic\system\Commands\Database\MigrateRefresh.php(85): CodeIgniter\CLI\BaseCommand->call('migrate', Array)
#11 C:\xampp\htdocs\clinic\system\CLI\Commands.php(65): CodeIgniter\Commands\Database\MigrateRefresh->run(Array)
#12 C:\xampp\htdocs\clinic\system\CLI\Console.php(46): CodeIgniter\CLI\Commands->run('migrate:refresh', Array)
#13 C:\xampp\htdocs\clinic\spark(102): CodeIgniter\CLI\Console->run()
#14 {main}
ERROR - 2025-05-01 16:41:23 --> mysqli_sql_exception: You have an error in your SQL syntax; check the manual that corresponds to your MariaDB server version for the right syntax to use near '1 PRIMARY KEY(`id_penyakit`)
) DEFAULT CHARACTER SET = utf8 COLLATE = utf8_ge...' at line 5 in C:\xampp\htdocs\clinic\system\Database\MySQLi\Connection.php:306
Stack trace:
#0 C:\xampp\htdocs\clinic\system\Database\MySQLi\Connection.php(306): mysqli->query('CREATE TABLE `p...', 0)
#1 C:\xampp\htdocs\clinic\system\Database\BaseConnection.php(693): CodeIgniter\Database\MySQLi\Connection->execute('CREATE TABLE `p...')
#2 C:\xampp\htdocs\clinic\system\Database\BaseConnection.php(607): CodeIgniter\Database\BaseConnection->simpleQuery('CREATE TABLE `p...')
#3 C:\xampp\htdocs\clinic\system\Database\Forge.php(546): CodeIgniter\Database\BaseConnection->query('CREATE TABLE `p...')
#4 C:\xampp\htdocs\clinic\app\Database\Migrations\2025-01-13-155029_Penyakit.php(28): CodeIgniter\Database\Forge->createTable('penyakit')
#5 C:\xampp\htdocs\clinic\system\Database\MigrationRunner.php(873): App\Database\Migrations\Penyakit->up()
#6 C:\xampp\htdocs\clinic\system\Database\MigrationRunner.php(188): CodeIgniter\Database\MigrationRunner->migrate('up', Object(stdClass))
#7 C:\xampp\htdocs\clinic\system\Commands\Database\Migrate.php(84): CodeIgniter\Database\MigrationRunner->latest(NULL)
#8 C:\xampp\htdocs\clinic\system\CLI\Commands.php(65): CodeIgniter\Commands\Database\Migrate->run(Array)
#9 C:\xampp\htdocs\clinic\system\CLI\BaseCommand.php(115): CodeIgniter\CLI\Commands->run('migrate', Array)
#10 C:\xampp\htdocs\clinic\system\Commands\Database\MigrateRefresh.php(85): CodeIgniter\CLI\BaseCommand->call('migrate', Array)
#11 C:\xampp\htdocs\clinic\system\CLI\Commands.php(65): CodeIgniter\Commands\Database\MigrateRefresh->run(Array)
#12 C:\xampp\htdocs\clinic\system\CLI\Console.php(46): CodeIgniter\CLI\Commands->run('migrate:refresh', Array)
#13 C:\xampp\htdocs\clinic\spark(102): CodeIgniter\CLI\Console->run()
#14 {main}
ERROR - 2025-05-01 16:42:20 --> mysqli_sql_exception: Can't create table `clinic`.`rekam_medis` (errno: 150 "Foreign key constraint is incorrectly formed") in C:\xampp\htdocs\clinic\system\Database\MySQLi\Connection.php:306
Stack trace:
#0 C:\xampp\htdocs\clinic\system\Database\MySQLi\Connection.php(306): mysqli->query('CREATE TABLE `r...', 0)
#1 C:\xampp\htdocs\clinic\system\Database\BaseConnection.php(693): CodeIgniter\Database\MySQLi\Connection->execute('CREATE TABLE `r...')
#2 C:\xampp\htdocs\clinic\system\Database\BaseConnection.php(607): CodeIgniter\Database\BaseConnection->simpleQuery('CREATE TABLE `r...')
#3 C:\xampp\htdocs\clinic\system\Database\Forge.php(546): CodeIgniter\Database\BaseConnection->query('CREATE TABLE `r...')
#4 C:\xampp\htdocs\clinic\app\Database\Migrations\2025-01-14-055823_Rm.php(88): CodeIgniter\Database\Forge->createTable('rekam_medis')
#5 C:\xampp\htdocs\clinic\system\Database\MigrationRunner.php(873): App\Database\Migrations\Rm->up()
#6 C:\xampp\htdocs\clinic\system\Database\MigrationRunner.php(188): CodeIgniter\Database\MigrationRunner->migrate('up', Object(stdClass))
#7 C:\xampp\htdocs\clinic\system\Commands\Database\Migrate.php(84): CodeIgniter\Database\MigrationRunner->latest(NULL)
#8 C:\xampp\htdocs\clinic\system\CLI\Commands.php(65): CodeIgniter\Commands\Database\Migrate->run(Array)
#9 C:\xampp\htdocs\clinic\system\CLI\BaseCommand.php(115): CodeIgniter\CLI\Commands->run('migrate', Array)
#10 C:\xampp\htdocs\clinic\system\Commands\Database\MigrateRefresh.php(85): CodeIgniter\CLI\BaseCommand->call('migrate', Array)
#11 C:\xampp\htdocs\clinic\system\CLI\Commands.php(65): CodeIgniter\Commands\Database\MigrateRefresh->run(Array)
#12 C:\xampp\htdocs\clinic\system\CLI\Console.php(46): CodeIgniter\CLI\Commands->run('migrate:refresh', Array)
#13 C:\xampp\htdocs\clinic\spark(102): CodeIgniter\CLI\Console->run()
#14 {main}
ERROR - 2025-05-01 16:43:56 --> mysqli_sql_exception: Can't create table `clinic`.`resep` (errno: 150 "Foreign key constraint is incorrectly formed") in C:\xampp\htdocs\clinic\system\Database\MySQLi\Connection.php:306
Stack trace:
#0 C:\xampp\htdocs\clinic\system\Database\MySQLi\Connection.php(306): mysqli->query('CREATE TABLE `r...', 0)
#1 C:\xampp\htdocs\clinic\system\Database\BaseConnection.php(693): CodeIgniter\Database\MySQLi\Connection->execute('CREATE TABLE `r...')
#2 C:\xampp\htdocs\clinic\system\Database\BaseConnection.php(607): CodeIgniter\Database\BaseConnection->simpleQuery('CREATE TABLE `r...')
#3 C:\xampp\htdocs\clinic\system\Database\Forge.php(546): CodeIgniter\Database\BaseConnection->query('CREATE TABLE `r...')
#4 C:\xampp\htdocs\clinic\app\Database\Migrations\2025-05-01-161543_Resep.php(52): CodeIgniter\Database\Forge->createTable('resep')
#5 C:\xampp\htdocs\clinic\system\Database\MigrationRunner.php(873): App\Database\Migrations\Resep->up()
#6 C:\xampp\htdocs\clinic\system\Database\MigrationRunner.php(188): CodeIgniter\Database\MigrationRunner->migrate('up', Object(stdClass))
#7 C:\xampp\htdocs\clinic\system\Commands\Database\Migrate.php(84): CodeIgniter\Database\MigrationRunner->latest(NULL)
#8 C:\xampp\htdocs\clinic\system\CLI\Commands.php(65): CodeIgniter\Commands\Database\Migrate->run(Array)
#9 C:\xampp\htdocs\clinic\system\CLI\BaseCommand.php(115): CodeIgniter\CLI\Commands->run('migrate', Array)
#10 C:\xampp\htdocs\clinic\system\Commands\Database\MigrateRefresh.php(85): CodeIgniter\CLI\BaseCommand->call('migrate', Array)
#11 C:\xampp\htdocs\clinic\system\CLI\Commands.php(65): CodeIgniter\Commands\Database\MigrateRefresh->run(Array)
#12 C:\xampp\htdocs\clinic\system\CLI\Console.php(46): CodeIgniter\CLI\Commands->run('migrate:refresh', Array)
#13 C:\xampp\htdocs\clinic\spark(102): CodeIgniter\CLI\Console->run()
#14 {main}
ERROR - 2025-05-01 16:44:58 --> mysqli_sql_exception: Can't create table `clinic`.`resep` (errno: 150 "Foreign key constraint is incorrectly formed") in C:\xampp\htdocs\clinic\system\Database\MySQLi\Connection.php:306
Stack trace:
#0 C:\xampp\htdocs\clinic\system\Database\MySQLi\Connection.php(306): mysqli->query('CREATE TABLE `r...', 0)
#1 C:\xampp\htdocs\clinic\system\Database\BaseConnection.php(693): CodeIgniter\Database\MySQLi\Connection->execute('CREATE TABLE `r...')
#2 C:\xampp\htdocs\clinic\system\Database\BaseConnection.php(607): CodeIgniter\Database\BaseConnection->simpleQuery('CREATE TABLE `r...')
#3 C:\xampp\htdocs\clinic\system\Database\Forge.php(546): CodeIgniter\Database\BaseConnection->query('CREATE TABLE `r...')
#4 C:\xampp\htdocs\clinic\app\Database\Migrations\2025-05-01-161543_Resep.php(53): CodeIgniter\Database\Forge->createTable('resep')
#5 C:\xampp\htdocs\clinic\system\Database\MigrationRunner.php(873): App\Database\Migrations\Resep->up()
#6 C:\xampp\htdocs\clinic\system\Database\MigrationRunner.php(188): CodeIgniter\Database\MigrationRunner->migrate('up', Object(stdClass))
#7 C:\xampp\htdocs\clinic\system\Commands\Database\Migrate.php(84): CodeIgniter\Database\MigrationRunner->latest(NULL)
#8 C:\xampp\htdocs\clinic\system\CLI\Commands.php(65): CodeIgniter\Commands\Database\Migrate->run(Array)
#9 C:\xampp\htdocs\clinic\system\CLI\BaseCommand.php(115): CodeIgniter\CLI\Commands->run('migrate', Array)
#10 C:\xampp\htdocs\clinic\system\Commands\Database\MigrateRefresh.php(85): CodeIgniter\CLI\BaseCommand->call('migrate', Array)
#11 C:\xampp\htdocs\clinic\system\CLI\Commands.php(65): CodeIgniter\Commands\Database\MigrateRefresh->run(Array)
#12 C:\xampp\htdocs\clinic\system\CLI\Console.php(46): CodeIgniter\CLI\Commands->run('migrate:refresh', Array)
#13 C:\xampp\htdocs\clinic\spark(102): CodeIgniter\CLI\Console->run()
#14 {main}
ERROR - 2025-05-01 16:46:33 --> mysqli_sql_exception: Can't create table `clinic`.`resep` (errno: 150 "Foreign key constraint is incorrectly formed") in C:\xampp\htdocs\clinic\system\Database\MySQLi\Connection.php:306
Stack trace:
#0 C:\xampp\htdocs\clinic\system\Database\MySQLi\Connection.php(306): mysqli->query('CREATE TABLE `r...', 0)
#1 C:\xampp\htdocs\clinic\system\Database\BaseConnection.php(693): CodeIgniter\Database\MySQLi\Connection->execute('CREATE TABLE `r...')
#2 C:\xampp\htdocs\clinic\system\Database\BaseConnection.php(607): CodeIgniter\Database\BaseConnection->simpleQuery('CREATE TABLE `r...')
#3 C:\xampp\htdocs\clinic\system\Database\Forge.php(546): CodeIgniter\Database\BaseConnection->query('CREATE TABLE `r...')
#4 C:\xampp\htdocs\clinic\app\Database\Migrations\2025-05-01-161543_Resep.php(53): CodeIgniter\Database\Forge->createTable('resep')
#5 C:\xampp\htdocs\clinic\system\Database\MigrationRunner.php(873): App\Database\Migrations\Resep->up()
#6 C:\xampp\htdocs\clinic\system\Database\MigrationRunner.php(188): CodeIgniter\Database\MigrationRunner->migrate('up', Object(stdClass))
#7 C:\xampp\htdocs\clinic\system\Commands\Database\Migrate.php(84): CodeIgniter\Database\MigrationRunner->latest(NULL)
#8 C:\xampp\htdocs\clinic\system\CLI\Commands.php(65): CodeIgniter\Commands\Database\Migrate->run(Array)
#9 C:\xampp\htdocs\clinic\system\CLI\BaseCommand.php(115): CodeIgniter\CLI\Commands->run('migrate', Array)
#10 C:\xampp\htdocs\clinic\system\Commands\Database\MigrateRefresh.php(85): CodeIgniter\CLI\BaseCommand->call('migrate', Array)
#11 C:\xampp\htdocs\clinic\system\CLI\Commands.php(65): CodeIgniter\Commands\Database\MigrateRefresh->run(Array)
#12 C:\xampp\htdocs\clinic\system\CLI\Console.php(46): CodeIgniter\CLI\Commands->run('migrate:refresh', Array)
#13 C:\xampp\htdocs\clinic\spark(102): CodeIgniter\CLI\Console->run()
#14 {main}
ERROR - 2025-05-01 16:49:09 --> mysqli_sql_exception: Can't create table `clinic`.`informed_consent` (errno: 150 "Foreign key constraint is incorrectly formed") in C:\xampp\htdocs\clinic\system\Database\MySQLi\Connection.php:306
Stack trace:
#0 C:\xampp\htdocs\clinic\system\Database\MySQLi\Connection.php(306): mysqli->query('CREATE TABLE `i...', 0)
#1 C:\xampp\htdocs\clinic\system\Database\BaseConnection.php(693): CodeIgniter\Database\MySQLi\Connection->execute('CREATE TABLE `i...')
#2 C:\xampp\htdocs\clinic\system\Database\BaseConnection.php(607): CodeIgniter\Database\BaseConnection->simpleQuery('CREATE TABLE `i...')
#3 C:\xampp\htdocs\clinic\system\Database\Forge.php(546): CodeIgniter\Database\BaseConnection->query('CREATE TABLE `i...')
#4 C:\xampp\htdocs\clinic\app\Database\Migrations\2025-05-01-163127_InformedConsent.php(46): CodeIgniter\Database\Forge->createTable('informed_consen...')
#5 C:\xampp\htdocs\clinic\system\Database\MigrationRunner.php(873): App\Database\Migrations\InformedConsent->up()
#6 C:\xampp\htdocs\clinic\system\Database\MigrationRunner.php(188): CodeIgniter\Database\MigrationRunner->migrate('up', Object(stdClass))
#7 C:\xampp\htdocs\clinic\system\Commands\Database\Migrate.php(84): CodeIgniter\Database\MigrationRunner->latest(NULL)
#8 C:\xampp\htdocs\clinic\system\CLI\Commands.php(65): CodeIgniter\Commands\Database\Migrate->run(Array)
#9 C:\xampp\htdocs\clinic\system\CLI\BaseCommand.php(115): CodeIgniter\CLI\Commands->run('migrate', Array)
#10 C:\xampp\htdocs\clinic\system\Commands\Database\MigrateRefresh.php(85): CodeIgniter\CLI\BaseCommand->call('migrate', Array)
#11 C:\xampp\htdocs\clinic\system\CLI\Commands.php(65): CodeIgniter\Commands\Database\MigrateRefresh->run(Array)
#12 C:\xampp\htdocs\clinic\system\CLI\Console.php(46): CodeIgniter\CLI\Commands->run('migrate:refresh', Array)
#13 C:\xampp\htdocs\clinic\spark(102): CodeIgniter\CLI\Console->run()
#14 {main}
ERROR - 2025-05-01 16:58:03 --> mysqli_sql_exception: Table 'pasien' already exists in C:\xampp\htdocs\clinic\system\Database\MySQLi\Connection.php:306
Stack trace:
#0 C:\xampp\htdocs\clinic\system\Database\MySQLi\Connection.php(306): mysqli->query('CREATE TABLE `p...', 0)
#1 C:\xampp\htdocs\clinic\system\Database\BaseConnection.php(693): CodeIgniter\Database\MySQLi\Connection->execute('CREATE TABLE `p...')
#2 C:\xampp\htdocs\clinic\system\Database\BaseConnection.php(607): CodeIgniter\Database\BaseConnection->simpleQuery('CREATE TABLE `p...')
#3 C:\xampp\htdocs\clinic\system\Database\Forge.php(546): CodeIgniter\Database\BaseConnection->query('CREATE TABLE `p...')
#4 C:\xampp\htdocs\clinic\app\Database\Migrations\2025-01-13-060818_pasien.php(77): CodeIgniter\Database\Forge->createTable('pasien')
#5 C:\xampp\htdocs\clinic\system\Database\MigrationRunner.php(873): App\Database\Migrations\Pasien->up()
#6 C:\xampp\htdocs\clinic\system\Database\MigrationRunner.php(188): CodeIgniter\Database\MigrationRunner->migrate('up', Object(stdClass))
#7 C:\xampp\htdocs\clinic\system\Commands\Database\Migrate.php(84): CodeIgniter\Database\MigrationRunner->latest(NULL)
#8 C:\xampp\htdocs\clinic\system\CLI\Commands.php(65): CodeIgniter\Commands\Database\Migrate->run(Array)
#9 C:\xampp\htdocs\clinic\system\CLI\BaseCommand.php(115): CodeIgniter\CLI\Commands->run('migrate', Array)
#10 C:\xampp\htdocs\clinic\system\Commands\Database\MigrateRefresh.php(85): CodeIgniter\CLI\BaseCommand->call('migrate', Array)
#11 C:\xampp\htdocs\clinic\system\CLI\Commands.php(65): CodeIgniter\Commands\Database\MigrateRefresh->run(Array)
#12 C:\xampp\htdocs\clinic\system\CLI\Console.php(46): CodeIgniter\CLI\Commands->run('migrate:refresh', Array)
#13 C:\xampp\htdocs\clinic\spark(102): CodeIgniter\CLI\Console->run()
#14 {main}
ERROR - 2025-05-01 16:58:21 --> mysqli_sql_exception: Table 'pasien' already exists in C:\xampp\htdocs\clinic\system\Database\MySQLi\Connection.php:306
Stack trace:
#0 C:\xampp\htdocs\clinic\system\Database\MySQLi\Connection.php(306): mysqli->query('CREATE TABLE `p...', 0)
#1 C:\xampp\htdocs\clinic\system\Database\BaseConnection.php(693): CodeIgniter\Database\MySQLi\Connection->execute('CREATE TABLE `p...')
#2 C:\xampp\htdocs\clinic\system\Database\BaseConnection.php(607): CodeIgniter\Database\BaseConnection->simpleQuery('CREATE TABLE `p...')
#3 C:\xampp\htdocs\clinic\system\Database\Forge.php(546): CodeIgniter\Database\BaseConnection->query('CREATE TABLE `p...')
#4 C:\xampp\htdocs\clinic\app\Database\Migrations\2025-01-13-060818_pasien.php(77): CodeIgniter\Database\Forge->createTable('pasien')
#5 C:\xampp\htdocs\clinic\system\Database\MigrationRunner.php(873): App\Database\Migrations\Pasien->up()
#6 C:\xampp\htdocs\clinic\system\Database\MigrationRunner.php(188): CodeIgniter\Database\MigrationRunner->migrate('up', Object(stdClass))
#7 C:\xampp\htdocs\clinic\system\Commands\Database\Migrate.php(84): CodeIgniter\Database\MigrationRunner->latest(NULL)
#8 C:\xampp\htdocs\clinic\system\CLI\Commands.php(65): CodeIgniter\Commands\Database\Migrate->run(Array)
#9 C:\xampp\htdocs\clinic\system\CLI\Console.php(46): CodeIgniter\CLI\Commands->run('migrate', Array)
#10 C:\xampp\htdocs\clinic\spark(102): CodeIgniter\CLI\Console->run()
#11 {main}
