ERROR - 2025-03-17 04:38:20 --> mysqli_sql_exception: Unknown column 'antrian.nomer_antrian' in 'on clause' in C:\xampp\htdocs\clinic\system\Database\MySQLi\Connection.php:306
Stack trace:
#0 C:\xampp\htdocs\clinic\system\Database\MySQLi\Connection.php(306): mysqli->query('SELECT `rekam_m...', 0)
#1 C:\xampp\htdocs\clinic\system\Database\BaseConnection.php(693): CodeIgniter\Database\MySQLi\Connection->execute('SELECT `rekam_m...')
#2 C:\xampp\htdocs\clinic\system\Database\BaseConnection.php(607): CodeIgniter\Database\BaseConnection->simpleQuery('SELECT `rekam_m...')
#3 C:\xampp\htdocs\clinic\system\Database\BaseBuilder.php(1615): CodeIgniter\Database\BaseConnection->query('SELECT `rekam_m...', Array, false)
#4 C:\xampp\htdocs\clinic\system\Model.php(237): CodeIgniter\Database\BaseBuilder->get()
#5 C:\xampp\htdocs\clinic\system\BaseModel.php(624): CodeIgniter\Model->doFindAll(0, 0)
#6 C:\xampp\htdocs\clinic\app\Controllers\DokterController.php(34): CodeIgniter\BaseModel->findAll()
#7 C:\xampp\htdocs\clinic\system\CodeIgniter.php(942): App\Controllers\DokterController->index()
#8 C:\xampp\htdocs\clinic\system\CodeIgniter.php(502): CodeIgniter\CodeIgniter->runController(Object(App\Controllers\DokterController))
#9 C:\xampp\htdocs\clinic\system\CodeIgniter.php(361): CodeIgniter\CodeIgniter->handleRequest(NULL, Object(Config\Cache), false)
#10 C:\xampp\htdocs\clinic\public\index.php(79): CodeIgniter\CodeIgniter->run()
#11 {main}
CRITICAL - 2025-03-17 04:38:20 --> Unknown column 'antrian.nomer_antrian' in 'on clause'
in SYSTEMPATH\Database\BaseConnection.php on line 647.
 1 SYSTEMPATH\Database\BaseBuilder.php(1615): CodeIgniter\Database\BaseConnection->query('SELECT `rekam_medis`.*, `pasien`.`nama` AS `nama_pasien`, `pasien`.`tanggal_lahir`, `tb_dokter`.`nama` AS `nama_dokter`, `antrian`.`id` AS `antrian_id`
FROM `rekam_medis`
LEFT JOIN `pasien` ON `rekam_medis`.`pasien_id` = `pasien`.`id`
LEFT JOIN `tb_dokter` ON `rekam_medis`.`dokter_id` = `tb_dokter`.`id`
LEFT JOIN `antrian` ON `rekam_medis`.`id` = `antrian`.`nomer_antrian`', [], false)
 2 SYSTEMPATH\Model.php(237): CodeIgniter\Database\BaseBuilder->get()
 3 SYSTEMPATH\BaseModel.php(624): CodeIgniter\Model->doFindAll(0, 0)
 4 APPPATH\Controllers\DokterController.php(34): CodeIgniter\BaseModel->findAll()
 5 SYSTEMPATH\CodeIgniter.php(942): App\Controllers\DokterController->index()
 6 SYSTEMPATH\CodeIgniter.php(502): CodeIgniter\CodeIgniter->runController(Object(App\Controllers\DokterController))
 7 SYSTEMPATH\CodeIgniter.php(361): CodeIgniter\CodeIgniter->handleRequest(null, Object(Config\Cache), false)
 8 FCPATH\index.php(79): CodeIgniter\CodeIgniter->run()
ERROR - 2025-03-17 04:38:46 --> mysqli_sql_exception: Unknown column 'antrian._id' in 'on clause' in C:\xampp\htdocs\clinic\system\Database\MySQLi\Connection.php:306
Stack trace:
#0 C:\xampp\htdocs\clinic\system\Database\MySQLi\Connection.php(306): mysqli->query('SELECT `rekam_m...', 0)
#1 C:\xampp\htdocs\clinic\system\Database\BaseConnection.php(693): CodeIgniter\Database\MySQLi\Connection->execute('SELECT `rekam_m...')
#2 C:\xampp\htdocs\clinic\system\Database\BaseConnection.php(607): CodeIgniter\Database\BaseConnection->simpleQuery('SELECT `rekam_m...')
#3 C:\xampp\htdocs\clinic\system\Database\BaseBuilder.php(1615): CodeIgniter\Database\BaseConnection->query('SELECT `rekam_m...', Array, false)
#4 C:\xampp\htdocs\clinic\system\Model.php(237): CodeIgniter\Database\BaseBuilder->get()
#5 C:\xampp\htdocs\clinic\system\BaseModel.php(624): CodeIgniter\Model->doFindAll(0, 0)
#6 C:\xampp\htdocs\clinic\app\Controllers\DokterController.php(34): CodeIgniter\BaseModel->findAll()
#7 C:\xampp\htdocs\clinic\system\CodeIgniter.php(942): App\Controllers\DokterController->index()
#8 C:\xampp\htdocs\clinic\system\CodeIgniter.php(502): CodeIgniter\CodeIgniter->runController(Object(App\Controllers\DokterController))
#9 C:\xampp\htdocs\clinic\system\CodeIgniter.php(361): CodeIgniter\CodeIgniter->handleRequest(NULL, Object(Config\Cache), false)
#10 C:\xampp\htdocs\clinic\public\index.php(79): CodeIgniter\CodeIgniter->run()
#11 {main}
CRITICAL - 2025-03-17 04:38:46 --> Unknown column 'antrian._id' in 'on clause'
in SYSTEMPATH\Database\BaseConnection.php on line 647.
 1 SYSTEMPATH\Database\BaseBuilder.php(1615): CodeIgniter\Database\BaseConnection->query('SELECT `rekam_medis`.*, `pasien`.`nama` AS `nama_pasien`, `pasien`.`tanggal_lahir`, `tb_dokter`.`nama` AS `nama_dokter`, `antrian`.`id` AS `antrian_id`
FROM `rekam_medis`
LEFT JOIN `pasien` ON `rekam_medis`.`pasien_id` = `pasien`.`id`
LEFT JOIN `tb_dokter` ON `rekam_medis`.`dokter_id` = `tb_dokter`.`id`
LEFT JOIN `antrian` ON `rekam_medis`.`id` = `antrian`.`_id`', [], false)
 2 SYSTEMPATH\Model.php(237): CodeIgniter\Database\BaseBuilder->get()
 3 SYSTEMPATH\BaseModel.php(624): CodeIgniter\Model->doFindAll(0, 0)
 4 APPPATH\Controllers\DokterController.php(34): CodeIgniter\BaseModel->findAll()
 5 SYSTEMPATH\CodeIgniter.php(942): App\Controllers\DokterController->index()
 6 SYSTEMPATH\CodeIgniter.php(502): CodeIgniter\CodeIgniter->runController(Object(App\Controllers\DokterController))
 7 SYSTEMPATH\CodeIgniter.php(361): CodeIgniter\CodeIgniter->handleRequest(null, Object(Config\Cache), false)
 8 FCPATH\index.php(79): CodeIgniter\CodeIgniter->run()
ERROR - 2025-03-17 04:38:52 --> mysqli_sql_exception: Unknown column 'antrian._id' in 'on clause' in C:\xampp\htdocs\clinic\system\Database\MySQLi\Connection.php:306
Stack trace:
#0 C:\xampp\htdocs\clinic\system\Database\MySQLi\Connection.php(306): mysqli->query('SELECT `rekam_m...', 0)
#1 C:\xampp\htdocs\clinic\system\Database\BaseConnection.php(693): CodeIgniter\Database\MySQLi\Connection->execute('SELECT `rekam_m...')
#2 C:\xampp\htdocs\clinic\system\Database\BaseConnection.php(607): CodeIgniter\Database\BaseConnection->simpleQuery('SELECT `rekam_m...')
#3 C:\xampp\htdocs\clinic\system\Database\BaseBuilder.php(1615): CodeIgniter\Database\BaseConnection->query('SELECT `rekam_m...', Array, false)
#4 C:\xampp\htdocs\clinic\system\Model.php(237): CodeIgniter\Database\BaseBuilder->get()
#5 C:\xampp\htdocs\clinic\system\BaseModel.php(624): CodeIgniter\Model->doFindAll(0, 0)
#6 C:\xampp\htdocs\clinic\app\Controllers\DokterController.php(34): CodeIgniter\BaseModel->findAll()
#7 C:\xampp\htdocs\clinic\system\CodeIgniter.php(942): App\Controllers\DokterController->index()
#8 C:\xampp\htdocs\clinic\system\CodeIgniter.php(502): CodeIgniter\CodeIgniter->runController(Object(App\Controllers\DokterController))
#9 C:\xampp\htdocs\clinic\system\CodeIgniter.php(361): CodeIgniter\CodeIgniter->handleRequest(NULL, Object(Config\Cache), false)
#10 C:\xampp\htdocs\clinic\public\index.php(79): CodeIgniter\CodeIgniter->run()
#11 {main}
CRITICAL - 2025-03-17 04:38:52 --> Unknown column 'antrian._id' in 'on clause'
in SYSTEMPATH\Database\BaseConnection.php on line 647.
 1 SYSTEMPATH\Database\BaseBuilder.php(1615): CodeIgniter\Database\BaseConnection->query('SELECT `rekam_medis`.*, `pasien`.`nama` AS `nama_pasien`, `pasien`.`tanggal_lahir`, `tb_dokter`.`nama` AS `nama_dokter`, `antrian`.`id` AS `antrian_id`
FROM `rekam_medis`
LEFT JOIN `pasien` ON `rekam_medis`.`pasien_id` = `pasien`.`id`
LEFT JOIN `tb_dokter` ON `rekam_medis`.`dokter_id` = `tb_dokter`.`id`
LEFT JOIN `antrian` ON `rekam_medis`.`id` = `antrian`.`_id`', [], false)
 2 SYSTEMPATH\Model.php(237): CodeIgniter\Database\BaseBuilder->get()
 3 SYSTEMPATH\BaseModel.php(624): CodeIgniter\Model->doFindAll(0, 0)
 4 APPPATH\Controllers\DokterController.php(34): CodeIgniter\BaseModel->findAll()
 5 SYSTEMPATH\CodeIgniter.php(942): App\Controllers\DokterController->index()
 6 SYSTEMPATH\CodeIgniter.php(502): CodeIgniter\CodeIgniter->runController(Object(App\Controllers\DokterController))
 7 SYSTEMPATH\CodeIgniter.php(361): CodeIgniter\CodeIgniter->handleRequest(null, Object(Config\Cache), false)
 8 FCPATH\index.php(79): CodeIgniter\CodeIgniter->run()
ERROR - 2025-03-17 04:39:11 --> mysqli_sql_exception: Unknown column 'antrian._id' in 'on clause' in C:\xampp\htdocs\clinic\system\Database\MySQLi\Connection.php:306
Stack trace:
#0 C:\xampp\htdocs\clinic\system\Database\MySQLi\Connection.php(306): mysqli->query('SELECT `rekam_m...', 0)
#1 C:\xampp\htdocs\clinic\system\Database\BaseConnection.php(693): CodeIgniter\Database\MySQLi\Connection->execute('SELECT `rekam_m...')
#2 C:\xampp\htdocs\clinic\system\Database\BaseConnection.php(607): CodeIgniter\Database\BaseConnection->simpleQuery('SELECT `rekam_m...')
#3 C:\xampp\htdocs\clinic\system\Database\BaseBuilder.php(1615): CodeIgniter\Database\BaseConnection->query('SELECT `rekam_m...', Array, false)
#4 C:\xampp\htdocs\clinic\system\Model.php(237): CodeIgniter\Database\BaseBuilder->get()
#5 C:\xampp\htdocs\clinic\system\BaseModel.php(624): CodeIgniter\Model->doFindAll(0, 0)
#6 C:\xampp\htdocs\clinic\app\Controllers\DokterController.php(34): CodeIgniter\BaseModel->findAll()
#7 C:\xampp\htdocs\clinic\system\CodeIgniter.php(942): App\Controllers\DokterController->index()
#8 C:\xampp\htdocs\clinic\system\CodeIgniter.php(502): CodeIgniter\CodeIgniter->runController(Object(App\Controllers\DokterController))
#9 C:\xampp\htdocs\clinic\system\CodeIgniter.php(361): CodeIgniter\CodeIgniter->handleRequest(NULL, Object(Config\Cache), false)
#10 C:\xampp\htdocs\clinic\public\index.php(79): CodeIgniter\CodeIgniter->run()
#11 {main}
CRITICAL - 2025-03-17 04:39:11 --> Unknown column 'antrian._id' in 'on clause'
in SYSTEMPATH\Database\BaseConnection.php on line 647.
 1 SYSTEMPATH\Database\BaseBuilder.php(1615): CodeIgniter\Database\BaseConnection->query('SELECT `rekam_medis`.*, `pasien`.`nama` AS `nama_pasien`, `pasien`.`tanggal_lahir`, `tb_dokter`.`nama` AS `nama_dokter`, `antrian`.`id` AS `antrian_id`
FROM `rekam_medis`
LEFT JOIN `pasien` ON `rekam_medis`.`pasien_id` = `pasien`.`id`
LEFT JOIN `tb_dokter` ON `rekam_medis`.`dokter_id` = `tb_dokter`.`id`
LEFT JOIN `antrian` ON `rekam_medis`.`id` = `antrian`.`_id`', [], false)
 2 SYSTEMPATH\Model.php(237): CodeIgniter\Database\BaseBuilder->get()
 3 SYSTEMPATH\BaseModel.php(624): CodeIgniter\Model->doFindAll(0, 0)
 4 APPPATH\Controllers\DokterController.php(34): CodeIgniter\BaseModel->findAll()
 5 SYSTEMPATH\CodeIgniter.php(942): App\Controllers\DokterController->index()
 6 SYSTEMPATH\CodeIgniter.php(502): CodeIgniter\CodeIgniter->runController(Object(App\Controllers\DokterController))
 7 SYSTEMPATH\CodeIgniter.php(361): CodeIgniter\CodeIgniter->handleRequest(null, Object(Config\Cache), false)
 8 FCPATH\index.php(79): CodeIgniter\CodeIgniter->run()
INFO - 2025-03-17 04:42:42 --> Session: Class initialized using 'CodeIgniter\Session\Handlers\FileHandler' driver.
INFO - 2025-03-17 04:46:58 --> Session: Class initialized using 'CodeIgniter\Session\Handlers\FileHandler' driver.
INFO - 2025-03-17 04:47:00 --> Session: Class initialized using 'CodeIgniter\Session\Handlers\FileHandler' driver.
INFO - 2025-03-17 04:51:09 --> Session: Class initialized using 'CodeIgniter\Session\Handlers\FileHandler' driver.
INFO - 2025-03-17 04:59:15 --> Session: Class initialized using 'CodeIgniter\Session\Handlers\FileHandler' driver.
INFO - 2025-03-17 05:03:06 --> Session: Class initialized using 'CodeIgniter\Session\Handlers\FileHandler' driver.
INFO - 2025-03-17 05:03:11 --> Session: Class initialized using 'CodeIgniter\Session\Handlers\FileHandler' driver.
INFO - 2025-03-17 05:03:13 --> Session: Class initialized using 'CodeIgniter\Session\Handlers\FileHandler' driver.
INFO - 2025-03-17 05:03:16 --> Session: Class initialized using 'CodeIgniter\Session\Handlers\FileHandler' driver.
INFO - 2025-03-17 05:03:31 --> Session: Class initialized using 'CodeIgniter\Session\Handlers\FileHandler' driver.
INFO - 2025-03-17 05:15:00 --> Session: Class initialized using 'CodeIgniter\Session\Handlers\FileHandler' driver.
INFO - 2025-03-17 05:16:15 --> Session: Class initialized using 'CodeIgniter\Session\Handlers\FileHandler' driver.
INFO - 2025-03-17 05:16:17 --> Session: Class initialized using 'CodeIgniter\Session\Handlers\FileHandler' driver.
INFO - 2025-03-17 05:16:19 --> Session: Class initialized using 'CodeIgniter\Session\Handlers\FileHandler' driver.
INFO - 2025-03-17 05:17:21 --> Session: Class initialized using 'CodeIgniter\Session\Handlers\FileHandler' driver.
INFO - 2025-03-17 05:24:10 --> Session: Class initialized using 'CodeIgniter\Session\Handlers\FileHandler' driver.
INFO - 2025-03-17 05:25:26 --> Session: Class initialized using 'CodeIgniter\Session\Handlers\FileHandler' driver.
INFO - 2025-03-17 05:26:29 --> Session: Class initialized using 'CodeIgniter\Session\Handlers\FileHandler' driver.
INFO - 2025-03-17 05:26:51 --> Session: Class initialized using 'CodeIgniter\Session\Handlers\FileHandler' driver.
INFO - 2025-03-17 05:27:35 --> Session: Class initialized using 'CodeIgniter\Session\Handlers\FileHandler' driver.
INFO - 2025-03-17 05:28:21 --> Session: Class initialized using 'CodeIgniter\Session\Handlers\FileHandler' driver.
INFO - 2025-03-17 05:28:27 --> Session: Class initialized using 'CodeIgniter\Session\Handlers\FileHandler' driver.
INFO - 2025-03-17 05:31:28 --> Session: Class initialized using 'CodeIgniter\Session\Handlers\FileHandler' driver.
INFO - 2025-03-17 05:32:23 --> Session: Class initialized using 'CodeIgniter\Session\Handlers\FileHandler' driver.
INFO - 2025-03-17 05:32:25 --> Session: Class initialized using 'CodeIgniter\Session\Handlers\FileHandler' driver.
INFO - 2025-03-17 05:32:26 --> Session: Class initialized using 'CodeIgniter\Session\Handlers\FileHandler' driver.
INFO - 2025-03-17 05:33:50 --> Session: Class initialized using 'CodeIgniter\Session\Handlers\FileHandler' driver.
INFO - 2025-03-17 05:34:00 --> Session: Class initialized using 'CodeIgniter\Session\Handlers\FileHandler' driver.
INFO - 2025-03-17 05:34:42 --> Session: Class initialized using 'CodeIgniter\Session\Handlers\FileHandler' driver.
INFO - 2025-03-17 05:34:44 --> Session: Class initialized using 'CodeIgniter\Session\Handlers\FileHandler' driver.
INFO - 2025-03-17 05:34:46 --> Session: Class initialized using 'CodeIgniter\Session\Handlers\FileHandler' driver.
INFO - 2025-03-17 05:34:59 --> Session: Class initialized using 'CodeIgniter\Session\Handlers\FileHandler' driver.
INFO - 2025-03-17 05:35:03 --> Session: Class initialized using 'CodeIgniter\Session\Handlers\FileHandler' driver.
INFO - 2025-03-17 05:35:57 --> Session: Class initialized using 'CodeIgniter\Session\Handlers\FileHandler' driver.
INFO - 2025-03-17 05:35:59 --> Session: Class initialized using 'CodeIgniter\Session\Handlers\FileHandler' driver.
INFO - 2025-03-17 05:36:03 --> Session: Class initialized using 'CodeIgniter\Session\Handlers\FileHandler' driver.
INFO - 2025-03-17 05:36:05 --> Session: Class initialized using 'CodeIgniter\Session\Handlers\FileHandler' driver.
INFO - 2025-03-17 05:36:30 --> Session: Class initialized using 'CodeIgniter\Session\Handlers\FileHandler' driver.
INFO - 2025-03-17 05:36:32 --> Session: Class initialized using 'CodeIgniter\Session\Handlers\FileHandler' driver.
INFO - 2025-03-17 05:36:36 --> Session: Class initialized using 'CodeIgniter\Session\Handlers\FileHandler' driver.
INFO - 2025-03-17 05:36:43 --> Session: Class initialized using 'CodeIgniter\Session\Handlers\FileHandler' driver.
INFO - 2025-03-17 05:36:44 --> Session: Class initialized using 'CodeIgniter\Session\Handlers\FileHandler' driver.
INFO - 2025-03-17 05:36:47 --> Session: Class initialized using 'CodeIgniter\Session\Handlers\FileHandler' driver.
INFO - 2025-03-17 05:36:55 --> Session: Class initialized using 'CodeIgniter\Session\Handlers\FileHandler' driver.
INFO - 2025-03-17 05:36:58 --> Session: Class initialized using 'CodeIgniter\Session\Handlers\FileHandler' driver.
INFO - 2025-03-17 05:37:02 --> Session: Class initialized using 'CodeIgniter\Session\Handlers\FileHandler' driver.
INFO - 2025-03-17 05:37:03 --> Session: Class initialized using 'CodeIgniter\Session\Handlers\FileHandler' driver.
INFO - 2025-03-17 05:37:08 --> Session: Class initialized using 'CodeIgniter\Session\Handlers\FileHandler' driver.
INFO - 2025-03-17 05:38:53 --> Session: Class initialized using 'CodeIgniter\Session\Handlers\FileHandler' driver.
INFO - 2025-03-17 05:39:15 --> Session: Class initialized using 'CodeIgniter\Session\Handlers\FileHandler' driver.
INFO - 2025-03-17 05:39:41 --> Session: Class initialized using 'CodeIgniter\Session\Handlers\FileHandler' driver.
INFO - 2025-03-17 05:39:42 --> Session: Class initialized using 'CodeIgniter\Session\Handlers\FileHandler' driver.
INFO - 2025-03-17 05:40:39 --> Session: Class initialized using 'CodeIgniter\Session\Handlers\FileHandler' driver.
INFO - 2025-03-17 05:40:39 --> Session: Class initialized using 'CodeIgniter\Session\Handlers\FileHandler' driver.
INFO - 2025-03-17 05:40:44 --> Session: Class initialized using 'CodeIgniter\Session\Handlers\FileHandler' driver.
INFO - 2025-03-17 05:40:49 --> Session: Class initialized using 'CodeIgniter\Session\Handlers\FileHandler' driver.
INFO - 2025-03-17 05:40:50 --> Session: Class initialized using 'CodeIgniter\Session\Handlers\FileHandler' driver.
INFO - 2025-03-17 05:41:01 --> Session: Class initialized using 'CodeIgniter\Session\Handlers\FileHandler' driver.
INFO - 2025-03-17 05:41:01 --> Session: Class initialized using 'CodeIgniter\Session\Handlers\FileHandler' driver.
INFO - 2025-03-17 05:41:06 --> Session: Class initialized using 'CodeIgniter\Session\Handlers\FileHandler' driver.
INFO - 2025-03-17 05:41:06 --> Session: Class initialized using 'CodeIgniter\Session\Handlers\FileHandler' driver.
INFO - 2025-03-17 05:42:56 --> Session: Class initialized using 'CodeIgniter\Session\Handlers\FileHandler' driver.
INFO - 2025-03-17 05:43:02 --> Session: Class initialized using 'CodeIgniter\Session\Handlers\FileHandler' driver.
