INFO - 2025-05-04 14:24:36 --> Session: Class initialized using 'CodeIgniter\Session\Handlers\FileHandler' driver.
INFO - 2025-05-04 15:20:24 --> Session: Class initialized using 'CodeIgniter\Session\Handlers\FileHandler' driver.
INFO - 2025-05-04 15:20:34 --> Session: Class initialized using 'CodeIgniter\Session\Handlers\FileHandler' driver.
INFO - 2025-05-04 15:20:34 --> Session: Class initialized using 'CodeIgniter\Session\Handlers\FileHandler' driver.
INFO - 2025-05-04 16:24:16 --> Session: Class initialized using 'CodeIgniter\Session\Handlers\FileHandler' driver.
INFO - 2025-05-04 16:24:27 --> Session: Class initialized using 'CodeIgniter\Session\Handlers\FileHandler' driver.
INFO - 2025-05-04 16:24:28 --> Session: Class initialized using 'CodeIgniter\Session\Handlers\FileHandler' driver.
INFO - 2025-05-04 16:24:40 --> Session: Class initialized using 'CodeIgniter\Session\Handlers\FileHandler' driver.
INFO - 2025-05-04 16:24:40 --> Session: Class initialized using 'CodeIgniter\Session\Handlers\FileHandler' driver.
ERROR - 2025-05-04 16:26:13 --> mysqli_sql_exception: Can't create table `clinic`.`antrian` (errno: 150 "Foreign key constraint is incorrectly formed") in C:\xampp\htdocs\clinic\system\Database\MySQLi\Connection.php:306
Stack trace:
#0 C:\xampp\htdocs\clinic\system\Database\MySQLi\Connection.php(306): mysqli->query('CREATE TABLE `a...', 0)
#1 C:\xampp\htdocs\clinic\system\Database\BaseConnection.php(693): CodeIgniter\Database\MySQLi\Connection->execute('CREATE TABLE `a...')
#2 C:\xampp\htdocs\clinic\system\Database\BaseConnection.php(607): CodeIgniter\Database\BaseConnection->simpleQuery('CREATE TABLE `a...')
#3 C:\xampp\htdocs\clinic\system\Database\Forge.php(546): CodeIgniter\Database\BaseConnection->query('CREATE TABLE `a...')
#4 C:\xampp\htdocs\clinic\app\Database\Migrations\2025-01-20-152102_antrian.php(61): CodeIgniter\Database\Forge->createTable('antrian')
#5 C:\xampp\htdocs\clinic\system\Database\MigrationRunner.php(873): App\Database\Migrations\Antrian->up()
#6 C:\xampp\htdocs\clinic\system\Database\MigrationRunner.php(188): CodeIgniter\Database\MigrationRunner->migrate('up', Object(stdClass))
#7 C:\xampp\htdocs\clinic\system\Commands\Database\Migrate.php(84): CodeIgniter\Database\MigrationRunner->latest(NULL)
#8 C:\xampp\htdocs\clinic\system\CLI\Commands.php(65): CodeIgniter\Commands\Database\Migrate->run(Array)
#9 C:\xampp\htdocs\clinic\system\CLI\Console.php(46): CodeIgniter\CLI\Commands->run('migrate', Array)
#10 C:\xampp\htdocs\clinic\spark(102): CodeIgniter\CLI\Console->run()
#11 {main}
ERROR - 2025-05-04 16:28:05 --> mysqli_sql_exception: Can't create table `clinic`.`antrian` (errno: 150 "Foreign key constraint is incorrectly formed") in C:\xampp\htdocs\clinic\system\Database\MySQLi\Connection.php:306
Stack trace:
#0 C:\xampp\htdocs\clinic\system\Database\MySQLi\Connection.php(306): mysqli->query('CREATE TABLE `a...', 0)
#1 C:\xampp\htdocs\clinic\system\Database\BaseConnection.php(693): CodeIgniter\Database\MySQLi\Connection->execute('CREATE TABLE `a...')
#2 C:\xampp\htdocs\clinic\system\Database\BaseConnection.php(607): CodeIgniter\Database\BaseConnection->simpleQuery('CREATE TABLE `a...')
#3 C:\xampp\htdocs\clinic\system\Database\Forge.php(546): CodeIgniter\Database\BaseConnection->query('CREATE TABLE `a...')
#4 C:\xampp\htdocs\clinic\app\Database\Migrations\2025-01-20-152102_antrian.php(66): CodeIgniter\Database\Forge->createTable('antrian')
#5 C:\xampp\htdocs\clinic\system\Database\MigrationRunner.php(873): App\Database\Migrations\Antrian->up()
#6 C:\xampp\htdocs\clinic\system\Database\MigrationRunner.php(188): CodeIgniter\Database\MigrationRunner->migrate('up', Object(stdClass))
#7 C:\xampp\htdocs\clinic\system\Commands\Database\Migrate.php(84): CodeIgniter\Database\MigrationRunner->latest(NULL)
#8 C:\xampp\htdocs\clinic\system\CLI\Commands.php(65): CodeIgniter\Commands\Database\Migrate->run(Array)
#9 C:\xampp\htdocs\clinic\system\CLI\Console.php(46): CodeIgniter\CLI\Commands->run('migrate', Array)
#10 C:\xampp\htdocs\clinic\spark(102): CodeIgniter\CLI\Console->run()
#11 {main}
ERROR - 2025-05-04 16:28:39 --> mysqli_sql_exception: Can't create table `clinic`.`rekam_medis` (errno: 150 "Foreign key constraint is incorrectly formed") in C:\xampp\htdocs\clinic\system\Database\MySQLi\Connection.php:306
Stack trace:
#0 C:\xampp\htdocs\clinic\system\Database\MySQLi\Connection.php(306): mysqli->query('CREATE TABLE `r...', 0)
#1 C:\xampp\htdocs\clinic\system\Database\BaseConnection.php(693): CodeIgniter\Database\MySQLi\Connection->execute('CREATE TABLE `r...')
#2 C:\xampp\htdocs\clinic\system\Database\BaseConnection.php(607): CodeIgniter\Database\BaseConnection->simpleQuery('CREATE TABLE `r...')
#3 C:\xampp\htdocs\clinic\system\Database\Forge.php(546): CodeIgniter\Database\BaseConnection->query('CREATE TABLE `r...')
#4 C:\xampp\htdocs\clinic\app\Database\Migrations\2025-01-14-055823_Rm.php(114): CodeIgniter\Database\Forge->createTable('rekam_medis')
#5 C:\xampp\htdocs\clinic\system\Database\MigrationRunner.php(873): App\Database\Migrations\Rm->up()
#6 C:\xampp\htdocs\clinic\system\Database\MigrationRunner.php(188): CodeIgniter\Database\MigrationRunner->migrate('up', Object(stdClass))
#7 C:\xampp\htdocs\clinic\system\Commands\Database\Migrate.php(84): CodeIgniter\Database\MigrationRunner->latest(NULL)
#8 C:\xampp\htdocs\clinic\system\CLI\Commands.php(65): CodeIgniter\Commands\Database\Migrate->run(Array)
#9 C:\xampp\htdocs\clinic\system\CLI\Console.php(46): CodeIgniter\CLI\Commands->run('migrate', Array)
#10 C:\xampp\htdocs\clinic\spark(102): CodeIgniter\CLI\Console->run()
#11 {main}
ERROR - 2025-05-04 16:29:18 --> mysqli_sql_exception: Can't create table `clinic`.`resep` (errno: 150 "Foreign key constraint is incorrectly formed") in C:\xampp\htdocs\clinic\system\Database\MySQLi\Connection.php:306
Stack trace:
#0 C:\xampp\htdocs\clinic\system\Database\MySQLi\Connection.php(306): mysqli->query('CREATE TABLE `r...', 0)
#1 C:\xampp\htdocs\clinic\system\Database\BaseConnection.php(693): CodeIgniter\Database\MySQLi\Connection->execute('CREATE TABLE `r...')
#2 C:\xampp\htdocs\clinic\system\Database\BaseConnection.php(607): CodeIgniter\Database\BaseConnection->simpleQuery('CREATE TABLE `r...')
#3 C:\xampp\htdocs\clinic\system\Database\Forge.php(546): CodeIgniter\Database\BaseConnection->query('CREATE TABLE `r...')
#4 C:\xampp\htdocs\clinic\app\Database\Migrations\2025-02-01-161543_Resep.php(66): CodeIgniter\Database\Forge->createTable('resep')
#5 C:\xampp\htdocs\clinic\system\Database\MigrationRunner.php(873): App\Database\Migrations\Resep->up()
#6 C:\xampp\htdocs\clinic\system\Database\MigrationRunner.php(188): CodeIgniter\Database\MigrationRunner->migrate('up', Object(stdClass))
#7 C:\xampp\htdocs\clinic\system\Commands\Database\Migrate.php(84): CodeIgniter\Database\MigrationRunner->latest(NULL)
#8 C:\xampp\htdocs\clinic\system\CLI\Commands.php(65): CodeIgniter\Commands\Database\Migrate->run(Array)
#9 C:\xampp\htdocs\clinic\system\CLI\Console.php(46): CodeIgniter\CLI\Commands->run('migrate', Array)
#10 C:\xampp\htdocs\clinic\spark(102): CodeIgniter\CLI\Console->run()
#11 {main}
ERROR - 2025-05-04 16:29:55 --> mysqli_sql_exception: Invalid default value for 'persetujuan_pasien' in C:\xampp\htdocs\clinic\system\Database\MySQLi\Connection.php:306
Stack trace:
#0 C:\xampp\htdocs\clinic\system\Database\MySQLi\Connection.php(306): mysqli->query('CREATE TABLE `i...', 0)
#1 C:\xampp\htdocs\clinic\system\Database\BaseConnection.php(693): CodeIgniter\Database\MySQLi\Connection->execute('CREATE TABLE `i...')
#2 C:\xampp\htdocs\clinic\system\Database\BaseConnection.php(607): CodeIgniter\Database\BaseConnection->simpleQuery('CREATE TABLE `i...')
#3 C:\xampp\htdocs\clinic\system\Database\Forge.php(546): CodeIgniter\Database\BaseConnection->query('CREATE TABLE `i...')
#4 C:\xampp\htdocs\clinic\app\Database\Migrations\2025-05-01-163127_InformedConsent.php(128): CodeIgniter\Database\Forge->createTable('informed_consen...')
#5 C:\xampp\htdocs\clinic\system\Database\MigrationRunner.php(873): App\Database\Migrations\InformedConsent->up()
#6 C:\xampp\htdocs\clinic\system\Database\MigrationRunner.php(188): CodeIgniter\Database\MigrationRunner->migrate('up', Object(stdClass))
#7 C:\xampp\htdocs\clinic\system\Commands\Database\Migrate.php(84): CodeIgniter\Database\MigrationRunner->latest(NULL)
#8 C:\xampp\htdocs\clinic\system\CLI\Commands.php(65): CodeIgniter\Commands\Database\Migrate->run(Array)
#9 C:\xampp\htdocs\clinic\system\CLI\Console.php(46): CodeIgniter\CLI\Commands->run('migrate', Array)
#10 C:\xampp\htdocs\clinic\spark(102): CodeIgniter\CLI\Console->run()
#11 {main}
ERROR - 2025-05-04 16:31:21 --> mysqli_sql_exception: Can't create table `clinic`.`resumepasien` (errno: 150 "Foreign key constraint is incorrectly formed") in C:\xampp\htdocs\clinic\system\Database\MySQLi\Connection.php:306
Stack trace:
#0 C:\xampp\htdocs\clinic\system\Database\MySQLi\Connection.php(306): mysqli->query('CREATE TABLE `r...', 0)
#1 C:\xampp\htdocs\clinic\system\Database\BaseConnection.php(693): CodeIgniter\Database\MySQLi\Connection->execute('CREATE TABLE `r...')
#2 C:\xampp\htdocs\clinic\system\Database\BaseConnection.php(607): CodeIgniter\Database\BaseConnection->simpleQuery('CREATE TABLE `r...')
#3 C:\xampp\htdocs\clinic\system\Database\Forge.php(546): CodeIgniter\Database\BaseConnection->query('CREATE TABLE `r...')
#4 C:\xampp\htdocs\clinic\app\Database\Migrations\2025-05-04-155252_ResumePasien.php(88): CodeIgniter\Database\Forge->createTable('resumePasien')
#5 C:\xampp\htdocs\clinic\system\Database\MigrationRunner.php(873): App\Database\Migrations\ResumePasien->up()
#6 C:\xampp\htdocs\clinic\system\Database\MigrationRunner.php(188): CodeIgniter\Database\MigrationRunner->migrate('up', Object(stdClass))
#7 C:\xampp\htdocs\clinic\system\Commands\Database\Migrate.php(84): CodeIgniter\Database\MigrationRunner->latest(NULL)
#8 C:\xampp\htdocs\clinic\system\CLI\Commands.php(65): CodeIgniter\Commands\Database\Migrate->run(Array)
#9 C:\xampp\htdocs\clinic\system\CLI\Console.php(46): CodeIgniter\CLI\Commands->run('migrate', Array)
#10 C:\xampp\htdocs\clinic\spark(102): CodeIgniter\CLI\Console->run()
#11 {main}
INFO - 2025-05-04 16:35:19 --> Session: Class initialized using 'CodeIgniter\Session\Handlers\FileHandler' driver.
INFO - 2025-05-04 16:35:29 --> Session: Class initialized using 'CodeIgniter\Session\Handlers\FileHandler' driver.
INFO - 2025-05-04 16:35:30 --> Session: Class initialized using 'CodeIgniter\Session\Handlers\FileHandler' driver.
