CRITICAL - 2024-12-30 08:18:27 --> Invalid file: "antrian/add-antrian.php"
in SYSTEMPATH\Exceptions\FrameworkException.php on line 39.
 1 SYSTEMPATH\View\View.php(216): CodeIgniter\Exceptions\FrameworkException::forInvalidFile('antrian/add-antrian.php')
 2 SYSTEMPATH\Common.php(1190): CodeIgniter\View\View->render('antrian/add-antrian', [], true)
 3 APPPATH\Controllers\Antrian.php(14): view('antrian/add-antrian', [...])
 4 SYSTEMPATH\CodeIgniter.php(942): App\Controllers\Antrian->index()
 5 SYSTEMPATH\CodeIgniter.php(502): CodeIgniter\CodeIgniter->runController(Object(App\Controllers\Antrian))
 6 SYSTEMPATH\CodeIgniter.php(361): CodeIgniter\CodeIgniter->handleRequest(null, Object(Config\Cache), false)
 7 FCPATH\index.php(79): CodeIgniter\CodeIgniter->run()
CRITICAL - 2024-12-30 08:19:01 --> Invalid file: "antrian/add-antrian.php"
in SYSTEMPATH\Exceptions\FrameworkException.php on line 39.
 1 SYSTEMPATH\View\View.php(216): CodeIgniter\Exceptions\FrameworkException::forInvalidFile('antrian/add-antrian.php')
 2 SYSTEMPATH\Common.php(1190): CodeIgniter\View\View->render('antrian/add-antrian', [], true)
 3 APPPATH\Controllers\Antrian.php(14): view('antrian/add-antrian', [...])
 4 SYSTEMPATH\CodeIgniter.php(942): App\Controllers\Antrian->index()
 5 SYSTEMPATH\CodeIgniter.php(502): CodeIgniter\CodeIgniter->runController(Object(App\Controllers\Antrian))
 6 SYSTEMPATH\CodeIgniter.php(361): CodeIgniter\CodeIgniter->handleRequest(null, Object(Config\Cache), false)
 7 FCPATH\index.php(79): CodeIgniter\CodeIgniter->run()
CRITICAL - 2024-12-30 08:19:11 --> Invalid file: "antrian/add-antrian.php"
in SYSTEMPATH\Exceptions\FrameworkException.php on line 39.
 1 SYSTEMPATH\View\View.php(216): CodeIgniter\Exceptions\FrameworkException::forInvalidFile('antrian/add-antrian.php')
 2 SYSTEMPATH\Common.php(1190): CodeIgniter\View\View->render('antrian/add-antrian', [], true)
 3 APPPATH\Controllers\Antrian.php(14): view('antrian/add-antrian', [...])
 4 SYSTEMPATH\CodeIgniter.php(942): App\Controllers\Antrian->index()
 5 SYSTEMPATH\CodeIgniter.php(502): CodeIgniter\CodeIgniter->runController(Object(App\Controllers\Antrian))
 6 SYSTEMPATH\CodeIgniter.php(361): CodeIgniter\CodeIgniter->handleRequest(null, Object(Config\Cache), false)
 7 FCPATH\index.php(79): CodeIgniter\CodeIgniter->run()
