ERROR - 2025-01-13 04:07:08 --> mysqli_sql_exception: Table 'ci4.pasien' doesn't exist in C:\xampp\htdocs\clinic\system\Database\MySQLi\Connection.php:306
Stack trace:
#0 C:\xampp\htdocs\clinic\system\Database\MySQLi\Connection.php(306): mysqli->query('SELECT * FROM p...', 0)
#1 C:\xampp\htdocs\clinic\system\Database\BaseConnection.php(693): CodeIgniter\Database\MySQLi\Connection->execute('SELECT * FROM p...')
#2 C:\xampp\htdocs\clinic\system\Database\BaseConnection.php(607): CodeIgniter\Database\BaseConnection->simpleQuery('SELECT * FROM p...')
#3 C:\xampp\htdocs\clinic\app\Controllers\PasienController.php(16): CodeIgniter\Database\BaseConnection->query('SELECT * FROM p...')
#4 C:\xampp\htdocs\clinic\system\CodeIgniter.php(942): App\Controllers\PasienController->index()
#5 C:\xampp\htdocs\clinic\system\CodeIgniter.php(502): CodeIgniter\CodeIgniter->runController(Object(App\Controllers\PasienController))
#6 C:\xampp\htdocs\clinic\system\CodeIgniter.php(361): CodeIgniter\CodeIgniter->handleRequest(NULL, Object(Config\Cache), false)
#7 C:\xampp\htdocs\clinic\public\index.php(79): CodeIgniter\CodeIgniter->run()
#8 {main}
CRITICAL - 2025-01-13 04:07:08 --> Table 'ci4.pasien' doesn't exist
in SYSTEMPATH\Database\BaseConnection.php on line 647.
 1 APPPATH\Controllers\PasienController.php(16): CodeIgniter\Database\BaseConnection->query('SELECT * FROM pasien')
 2 SYSTEMPATH\CodeIgniter.php(942): App\Controllers\PasienController->index()
 3 SYSTEMPATH\CodeIgniter.php(502): CodeIgniter\CodeIgniter->runController(Object(App\Controllers\PasienController))
 4 SYSTEMPATH\CodeIgniter.php(361): CodeIgniter\CodeIgniter->handleRequest(null, Object(Config\Cache), false)
 5 FCPATH\index.php(79): CodeIgniter\CodeIgniter->run()
ERROR - 2025-01-13 06:19:22 --> mysqli_sql_exception: Unknown column 'jenis_kelamin' in 'field list' in C:\xampp\htdocs\clinic\system\Database\MySQLi\Connection.php:306
Stack trace:
#0 C:\xampp\htdocs\clinic\system\Database\MySQLi\Connection.php(306): mysqli->query('INSERT INTO `pa...', 0)
#1 C:\xampp\htdocs\clinic\system\Database\BaseConnection.php(693): CodeIgniter\Database\MySQLi\Connection->execute('INSERT INTO `pa...')
#2 C:\xampp\htdocs\clinic\system\Database\BaseConnection.php(607): CodeIgniter\Database\BaseConnection->simpleQuery('INSERT INTO `pa...')
#3 C:\xampp\htdocs\clinic\system\Database\BaseBuilder.php(1800): CodeIgniter\Database\BaseConnection->query('INSERT INTO `pa...', NULL, false)
#4 C:\xampp\htdocs\clinic\system\Database\BaseBuilder.php(2191): CodeIgniter\Database\BaseBuilder->batchExecute('_insertBatch', 100)
#5 C:\xampp\htdocs\clinic\app\Database\Seeds\PasienSeeder.php(32): CodeIgniter\Database\BaseBuilder->insertBatch(Array)
#6 C:\xampp\htdocs\clinic\system\Database\Seeder.php(146): App\Database\Seeds\PasienSeeder->run()
#7 C:\xampp\htdocs\clinic\system\Commands\Database\Seed.php(77): CodeIgniter\Database\Seeder->call('App\\Database\\Se...')
#8 C:\xampp\htdocs\clinic\system\CLI\Commands.php(65): CodeIgniter\Commands\Database\Seed->run(Array)
#9 C:\xampp\htdocs\clinic\system\CLI\Console.php(46): CodeIgniter\CLI\Commands->run('db:seed', Array)
#10 C:\xampp\htdocs\clinic\spark(102): CodeIgniter\CLI\Console->run()
#11 {main}
CRITICAL - 2025-01-13 06:21:17 --> Undefined variable $tittle
in APPPATH\Views\layout\template.php on line 6.
 1 APPPATH\Views\layout\template.php(6): CodeIgniter\Debug\Exceptions->errorHandler(2, 'Undefined variable $tittle', 'C:\\xampp\\htdocs\\clinic\\app\\Views\\layout\\template.php', 6)
 2 SYSTEMPATH\View\View.php(228): include('C:\\xampp\\htdocs\\clinic\\app\\Views\\layout\\template.php')
 3 SYSTEMPATH\View\View.php(231): CodeIgniter\View\View->CodeIgniter\View\{closure}()
 4 SYSTEMPATH\View\View.php(244): CodeIgniter\View\View->render('layout/template', [], true)
 5 SYSTEMPATH\Common.php(1190): CodeIgniter\View\View->render('pasien/data_pasien', [], true)
 6 APPPATH\Controllers\PasienController.php(24): view('pasien/data_pasien', [...])
 7 SYSTEMPATH\CodeIgniter.php(942): App\Controllers\PasienController->index()
 8 SYSTEMPATH\CodeIgniter.php(502): CodeIgniter\CodeIgniter->runController(Object(App\Controllers\PasienController))
 9 SYSTEMPATH\CodeIgniter.php(361): CodeIgniter\CodeIgniter->handleRequest(null, Object(Config\Cache), false)
10 FCPATH\index.php(79): CodeIgniter\CodeIgniter->run()
CRITICAL - 2025-01-13 06:26:25 --> Undefined array key "usia"
in APPPATH\Views\pasien\data_pasien.php on line 135.
 1 APPPATH\Views\pasien\data_pasien.php(135): CodeIgniter\Debug\Exceptions->errorHandler(2, 'Undefined array key "usia"', 'C:\\xampp\\htdocs\\clinic\\app\\Views\\pasien\\data_pasien.php', 135)
 2 SYSTEMPATH\View\View.php(228): include('C:\\xampp\\htdocs\\clinic\\app\\Views\\pasien\\data_pasien.php')
 3 SYSTEMPATH\View\View.php(231): CodeIgniter\View\View->CodeIgniter\View\{closure}()
 4 SYSTEMPATH\Common.php(1190): CodeIgniter\View\View->render('pasien/data_pasien', [], true)
 5 APPPATH\Controllers\PasienController.php(24): view('pasien/data_pasien', [...])
 6 SYSTEMPATH\CodeIgniter.php(942): App\Controllers\PasienController->index()
 7 SYSTEMPATH\CodeIgniter.php(502): CodeIgniter\CodeIgniter->runController(Object(App\Controllers\PasienController))
 8 SYSTEMPATH\CodeIgniter.php(361): CodeIgniter\CodeIgniter->handleRequest(null, Object(Config\Cache), false)
 9 FCPATH\index.php(79): CodeIgniter\CodeIgniter->run()
CRITICAL - 2025-01-13 06:43:37 --> Undefined array key "usia"
in APPPATH\Views\pasien\data_pasien.php on line 140.
 1 APPPATH\Views\pasien\data_pasien.php(140): CodeIgniter\Debug\Exceptions->errorHandler(2, 'Undefined array key "usia"', 'C:\\xampp\\htdocs\\clinic\\app\\Views\\pasien\\data_pasien.php', 140)
 2 SYSTEMPATH\View\View.php(228): include('C:\\xampp\\htdocs\\clinic\\app\\Views\\pasien\\data_pasien.php')
 3 SYSTEMPATH\View\View.php(231): CodeIgniter\View\View->CodeIgniter\View\{closure}()
 4 SYSTEMPATH\Common.php(1190): CodeIgniter\View\View->render('pasien/data_pasien', [], true)
 5 APPPATH\Controllers\PasienController.php(24): view('pasien/data_pasien', [...])
 6 SYSTEMPATH\CodeIgniter.php(942): App\Controllers\PasienController->index()
 7 SYSTEMPATH\CodeIgniter.php(502): CodeIgniter\CodeIgniter->runController(Object(App\Controllers\PasienController))
 8 SYSTEMPATH\CodeIgniter.php(361): CodeIgniter\CodeIgniter->handleRequest(null, Object(Config\Cache), false)
 9 FCPATH\index.php(79): CodeIgniter\CodeIgniter->run()
ERROR - 2025-01-13 06:56:11 --> mysqli_sql_exception: Column 'tanggal_lahir' cannot be null in C:\xampp\htdocs\clinic\system\Database\MySQLi\Connection.php:306
Stack trace:
#0 C:\xampp\htdocs\clinic\system\Database\MySQLi\Connection.php(306): mysqli->query('INSERT INTO `pa...', 0)
#1 C:\xampp\htdocs\clinic\system\Database\BaseConnection.php(693): CodeIgniter\Database\MySQLi\Connection->execute('INSERT INTO `pa...')
#2 C:\xampp\htdocs\clinic\system\Database\BaseConnection.php(607): CodeIgniter\Database\BaseConnection->simpleQuery('INSERT INTO `pa...')
#3 C:\xampp\htdocs\clinic\system\Database\BaseBuilder.php(2308): CodeIgniter\Database\BaseConnection->query('INSERT INTO `pa...', Array, false)
#4 C:\xampp\htdocs\clinic\system\Model.php(319): CodeIgniter\Database\BaseBuilder->insert()
#5 C:\xampp\htdocs\clinic\system\BaseModel.php(788): CodeIgniter\Model->doInsert(Array)
#6 C:\xampp\htdocs\clinic\system\Model.php(715): CodeIgniter\BaseModel->insert(Array, false)
#7 C:\xampp\htdocs\clinic\system\BaseModel.php(698): CodeIgniter\Model->insert(Array, false)
#8 C:\xampp\htdocs\clinic\app\Controllers\PasienController.php(29): CodeIgniter\BaseModel->save(Array)
#9 C:\xampp\htdocs\clinic\system\CodeIgniter.php(942): App\Controllers\PasienController->store()
#10 C:\xampp\htdocs\clinic\system\CodeIgniter.php(502): CodeIgniter\CodeIgniter->runController(Object(App\Controllers\PasienController))
#11 C:\xampp\htdocs\clinic\system\CodeIgniter.php(361): CodeIgniter\CodeIgniter->handleRequest(NULL, Object(Config\Cache), false)
#12 C:\xampp\htdocs\clinic\public\index.php(79): CodeIgniter\CodeIgniter->run()
#13 {main}
CRITICAL - 2025-01-13 06:56:11 --> Column 'tanggal_lahir' cannot be null
in SYSTEMPATH\Database\BaseConnection.php on line 647.
 1 SYSTEMPATH\Database\BaseBuilder.php(2308): CodeIgniter\Database\BaseConnection->query('INSERT INTO `pasien` (`nik`, `nama`, `alamat`, `telepon`, `pekerjaan`, `tanggal_lahir`, `jenis_kelamin`) VALUES (:nik:, :nama:, :alamat:, :telepon:, :pekerjaan:, :tanggal_lahir:, :jenis_kelamin:)', [...], false)
 2 SYSTEMPATH\Model.php(319): CodeIgniter\Database\BaseBuilder->insert()
 3 SYSTEMPATH\BaseModel.php(788): CodeIgniter\Model->doInsert([...])
 4 SYSTEMPATH\Model.php(715): CodeIgniter\BaseModel->insert([...], false)
 5 SYSTEMPATH\BaseModel.php(698): CodeIgniter\Model->insert([...], false)
 6 APPPATH\Controllers\PasienController.php(29): CodeIgniter\BaseModel->save([...])
 7 SYSTEMPATH\CodeIgniter.php(942): App\Controllers\PasienController->store()
 8 SYSTEMPATH\CodeIgniter.php(502): CodeIgniter\CodeIgniter->runController(Object(App\Controllers\PasienController))
 9 SYSTEMPATH\CodeIgniter.php(361): CodeIgniter\CodeIgniter->handleRequest(null, Object(Config\Cache), false)
10 FCPATH\index.php(79): CodeIgniter\CodeIgniter->run()
INFO - 2025-01-13 07:02:32 --> Session: Class initialized using 'CodeIgniter\Session\Handlers\FileHandler' driver.
INFO - 2025-01-13 07:09:35 --> Session: Class initialized using 'CodeIgniter\Session\Handlers\FileHandler' driver.
INFO - 2025-01-13 07:12:56 --> Session: Class initialized using 'CodeIgniter\Session\Handlers\FileHandler' driver.
INFO - 2025-01-13 07:18:14 --> Session: Class initialized using 'CodeIgniter\Session\Handlers\FileHandler' driver.
INFO - 2025-01-13 07:19:30 --> Session: Class initialized using 'CodeIgniter\Session\Handlers\FileHandler' driver.
INFO - 2025-01-13 07:19:59 --> Session: Class initialized using 'CodeIgniter\Session\Handlers\FileHandler' driver.
INFO - 2025-01-13 07:20:00 --> Session: Class initialized using 'CodeIgniter\Session\Handlers\FileHandler' driver.
INFO - 2025-01-13 07:22:47 --> Session: Class initialized using 'CodeIgniter\Session\Handlers\FileHandler' driver.
INFO - 2025-01-13 07:22:54 --> Session: Class initialized using 'CodeIgniter\Session\Handlers\FileHandler' driver.
INFO - 2025-01-13 07:23:00 --> Session: Class initialized using 'CodeIgniter\Session\Handlers\FileHandler' driver.
INFO - 2025-01-13 07:23:06 --> Session: Class initialized using 'CodeIgniter\Session\Handlers\FileHandler' driver.
INFO - 2025-01-13 07:27:29 --> Session: Class initialized using 'CodeIgniter\Session\Handlers\FileHandler' driver.
INFO - 2025-01-13 07:27:36 --> Session: Class initialized using 'CodeIgniter\Session\Handlers\FileHandler' driver.
INFO - 2025-01-13 07:27:55 --> Session: Class initialized using 'CodeIgniter\Session\Handlers\FileHandler' driver.
INFO - 2025-01-13 07:28:30 --> Session: Class initialized using 'CodeIgniter\Session\Handlers\FileHandler' driver.
INFO - 2025-01-13 07:28:31 --> Session: Class initialized using 'CodeIgniter\Session\Handlers\FileHandler' driver.
